<?xml version="1.0" encoding="UTF-8"?>
<!-- Generated by org.testng.reporters.JUnitReportReporter -->
<testsuite skipped="0" hostname="MDs-MacBook-Pro-2.local" name="us.biplob.TestOne" tests="4" failures="0" timestamp="28 Oct 2018 02:02:46 GMT" time="51.492" errors="0">
  <testcase name="testLink2" time="6.971" classname="us.biplob.TestOne"/>
  <testcase name="testLink3" time="13.684" classname="us.biplob.TestOne"/>
  <testcase name="testLink4" time="17.366" classname="us.biplob.TestOne"/>
  <testcase name="testLink" time="13.471" classname="us.biplob.TestOne"/>
</testsuite> <!-- us.biplob.TestOne -->
