<?xml version="1.0" encoding="UTF-8"?>
<!-- Generated by org.testng.reporters.JUnitReportReporter -->
<testsuite skipped="0" hostname="MDs-MacBook-Pro-2.local" name="us.biplob.TestThree" tests="4" failures="0" timestamp="28 Oct 2018 02:02:46 GMT" time="52.787" errors="0">
  <testcase name="testLink3" time="19.448" classname="us.biplob.TestThree"/>
  <testcase name="testLink4" time="16.495" classname="us.biplob.TestThree"/>
  <testcase name="testLink" time="9.221" classname="us.biplob.TestThree"/>
  <testcase name="testLink2" time="7.623" classname="us.biplob.TestThree"/>
</testsuite> <!-- us.biplob.TestThree -->
