<?xml version="1.0" encoding="UTF-8"?>
<!-- Generated by org.testng.reporters.JUnitReportReporter -->
<testsuite skipped="0" hostname="MDs-MacBook-Pro-2.local" name="us.biplob.TestFour" tests="4" failures="0" timestamp="28 Oct 2018 02:02:46 GMT" time="49.403" errors="0">
  <testcase name="testLink2" time="7.485" classname="us.biplob.TestFour"/>
  <testcase name="testLink3" time="13.611" classname="us.biplob.TestFour"/>
  <testcase name="testLink" time="11.285" classname="us.biplob.TestFour"/>
  <testcase name="testLink4" time="17.022" classname="us.biplob.TestFour"/>
</testsuite> <!-- us.biplob.TestFour -->
